2020-03-28 21:29:51.749  INFO 18044 --- [restartedMain] .s.d.r.c.RepositoryConfigurationDelegate : Multiple Spring Data modules found, entering strict repository configuration mode!
2020-03-28 21:29:51.760  INFO 18044 --- [restartedMain] .s.d.r.c.RepositoryConfigurationDelegate : Bootstrapping Spring Data Redis repositories in DEFAULT mode.
2020-03-28 21:29:51.884  INFO 18044 --- [restartedMain] .s.d.r.c.RepositoryConfigurationDelegate : Finished Spring Data repository scanning in 99ms. Found 0 Redis repository interfaces.
2020-03-28 21:29:52.820  INFO 18044 --- [restartedMain] trationDelegate$BeanPostProcessorChecker : Bean 'org.springframework.transaction.annotation.ProxyTransactionManagementConfiguration' of type [org.springframework.transaction.annotation.ProxyTransactionManagementConfiguration] is not eligible for getting processed by all BeanPostProcessors (for example: not eligible for auto-proxying)
2020-03-28 21:29:53.927  INFO 18044 --- [restartedMain] o.s.b.w.embedded.tomcat.TomcatWebServer  : Tomcat initialized with port(s): 8002 (http)
2020-03-28 21:29:53.945  INFO 18044 --- [restartedMain] o.apache.catalina.core.StandardService   : Starting service [Tomcat]
2020-03-28 21:29:53.946  INFO 18044 --- [restartedMain] org.apache.catalina.core.StandardEngine  : Starting Servlet engine: [Apache Tomcat/9.0.30]
2020-03-28 21:29:54.237  INFO 18044 --- [restartedMain] o.a.c.c.C.[Tomcat].[localhost].[/]       : Initializing Spring embedded WebApplicationContext
2020-03-28 21:29:54.237  INFO 18044 --- [restartedMain] o.s.web.context.ContextLoader            : Root WebApplicationContext: initialization completed in 4224 ms
2020-03-28 21:29:55.643  INFO 18044 --- [restartedMain] o.s.s.concurrent.ThreadPoolTaskExecutor  : Initializing ExecutorService 'applicationTaskExecutor'
2020-03-28 21:29:55.860  INFO 18044 --- [restartedMain] o.s.b.a.w.s.WelcomePageHandlerMapping    : Adding welcome page: class path resource [static/index.html]
2020-03-28 21:29:56.687  INFO 18044 --- [restartedMain] o.s.b.d.a.OptionalLiveReloadServer       : LiveReload server is running on port 35729
2020-03-28 21:29:57.048  INFO 18044 --- [restartedMain] o.s.b.w.embedded.tomcat.TomcatWebServer  : Tomcat started on port(s): 8002 (http) with context path ''
2020-03-28 21:29:57.053  INFO 18044 --- [restartedMain] com.test.demo.TestspringApplication      : Started TestspringApplication in 8.758 seconds (JVM running for 9.806)
2020-03-28 21:30:10.635  INFO 18044 --- [http-nio-8002-exec-1] o.a.c.c.C.[Tomcat].[localhost].[/]       : Initializing Spring DispatcherServlet 'dispatcherServlet'
2020-03-28 21:30:10.637  INFO 18044 --- [http-nio-8002-exec-1] o.s.web.servlet.DispatcherServlet        : Initializing Servlet 'dispatcherServlet'
2020-03-28 21:30:10.667  INFO 18044 --- [http-nio-8002-exec-1] o.s.web.servlet.DispatcherServlet        : Completed initialization in 25 ms
2020-03-28 21:30:10.827 DEBUG 18044 --- [http-nio-8002-exec-1] com.test.demo.controller.TestController  : ****************trade0003******************
2020-03-28 21:30:10.854  INFO 18044 --- [http-nio-8002-exec-1] c.t.demo.student.service.StudentService  : *****************************addNo，ID：1*********************************
2020-03-28 21:30:11.269 DEBUG 18044 --- [http-nio-8002-exec-3] com.test.demo.controller.TestController  : ****************trade0003******************
2020-03-28 21:30:11.270  INFO 18044 --- [http-nio-8002-exec-3] c.t.demo.student.service.StudentService  : *****************************addNo，ID：1*********************************
2020-03-28 21:30:12.332  INFO 18044 --- [http-nio-8002-exec-1] com.alibaba.druid.pool.DruidDataSource   : {dataSource-1} inited
2020-03-28 21:30:12.369 DEBUG 18044 --- [http-nio-8002-exec-1] c.t.d.s.d.S.selectByPrimaryKeyAndLock    : ==>  Preparing: select id, name, gender, no, age from student where id = ? for update 
2020-03-28 21:30:12.372 DEBUG 18044 --- [http-nio-8002-exec-3] c.t.d.s.d.S.selectByPrimaryKeyAndLock    : ==>  Preparing: select id, name, gender, no, age from student where id = ? for update 
2020-03-28 21:30:13.077 DEBUG 18044 --- [http-nio-8002-exec-1] c.t.d.s.d.S.selectByPrimaryKeyAndLock    : ==> Parameters: 1(Integer)
2020-03-28 21:30:13.087 DEBUG 18044 --- [http-nio-8002-exec-3] c.t.d.s.d.S.selectByPrimaryKeyAndLock    : ==> Parameters: 1(Integer)
2020-03-28 21:30:13.136 DEBUG 18044 --- [http-nio-8002-exec-1] c.t.d.s.d.S.selectByPrimaryKeyAndLock    : <==      Total: 1
2020-03-28 21:30:13.145 DEBUG 18044 --- [http-nio-8002-exec-3] c.t.d.s.d.S.selectByPrimaryKeyAndLock    : <==      Total: 1
2020-03-28 21:30:16.154 DEBUG 18044 --- [http-nio-8002-exec-1] c.t.d.student.dao.StudentMapper.addAge   : ==>  Preparing: update student set age = age+1 where id = ? 
2020-03-28 21:30:16.176 DEBUG 18044 --- [http-nio-8002-exec-1] c.t.d.student.dao.StudentMapper.addAge   : ==> Parameters: 1(Integer)
2020-03-28 21:30:16.185 DEBUG 18044 --- [http-nio-8002-exec-3] c.t.d.student.dao.StudentMapper.addAge   : ==>  Preparing: update student set age = age+1 where id = ? 
2020-03-28 21:30:16.191 DEBUG 18044 --- [http-nio-8002-exec-3] c.t.d.student.dao.StudentMapper.addAge   : ==> Parameters: 1(Integer)
2020-03-28 21:30:16.266 DEBUG 18044 --- [http-nio-8002-exec-3] c.t.d.student.dao.StudentMapper.addAge   : <==    Updates: 1
2020-03-28 21:30:16.528 DEBUG 18044 --- [http-nio-8002-exec-1] c.t.d.student.dao.StudentMapper.addAge   : <==    Updates: 1
2020-03-28 21:30:25.574  INFO 18044 --- [Thread-5] o.s.s.concurrent.ThreadPoolTaskExecutor  : Shutting down ExecutorService 'applicationTaskExecutor'
2020-03-28 21:30:26.013  INFO 18044 --- [Thread-5] com.alibaba.druid.pool.DruidDataSource   : {dataSource-1} closed
2020-03-28 21:30:26.630  INFO 18044 --- [restartedMain] com.test.demo.TestspringApplication      : Starting TestspringApplication on pc-PC with PID 18044 (D:\workspace_spring\testspring\target\classes started by Administrator in D:\workspace_spring\testspring)
2020-03-28 21:30:26.631 DEBUG 18044 --- [restartedMain] com.test.demo.TestspringApplication      : Running with Spring Boot v2.2.4.RELEASE, Spring v5.2.3.RELEASE
2020-03-28 21:30:26.631  INFO 18044 --- [restartedMain] com.test.demo.TestspringApplication      : The following profiles are active: dev
